[1] "Job id: 21269650"
[1] "Task id: 12"
[1] "Current theta MCMCs elapsed time (min), task 4: 9.87730590899785"
[1] "Current theta MCMCs elapsed time (min), task 8: 8.5114031235377"

[1] "Current theta MCMCs elapsed time (min), task 9: 8.39896993637085"
[1] "Current theta MCMCs elapsed time (min), task 10: 7.97948572635651"
[1] "Current theta MCMCs elapsed time (min), task 1: 10.070253932476"
[1] "Current theta MCMCs elapsed time (min), task 2: 8.70331187645594"
[1] "Current theta MCMCs elapsed time (min), task 3: 9.51065593163172"
[1] "Current theta MCMCs elapsed time (min), task 5: 9.35902702411016"

[1] "Current theta MCMCs elapsed time (min), task 4: 9.99254902203878"
[1] "Current theta MCMCs elapsed time (min), task 8: 8.55043680667877"
[1] "Current theta MCMCs elapsed time (min), task 10: 8.16393327315648"
[1] "Current theta MCMCs elapsed time (min), task 7: 11.1305558284124"
[1] "Current theta MCMCs elapsed time (min), task 11: 18.3690012613932"
[1] "Current theta MCMCs elapsed time (min), task 5: 9.95621443192164"

[1] "Current theta MCMCs elapsed time (min), task 4: 9.66466993490855"
[1] "Current theta MCMCs elapsed time (min), task 9: 8.44529838164647"

[1] "Current theta MCMCs elapsed time (min), task 6: 9.20834772586823"
[1] "Current theta MCMCs elapsed time (min), task 2: 7.24042303562164"
[1] "Current theta MCMCs elapsed time (min), task 1: 9.48582106431325"
[1] "Current theta MCMCs elapsed time (min), task 7: 9.86469455957413"
[1] "Current theta MCMCs elapsed time (min), task 12: 9.30413962205251"
[1] "Current theta MCMCs elapsed time (min), task 9: 8.23514526287715"

[1] "Current theta MCMCs elapsed time (min), task 2: 7.25553103288015"
[1] "Current theta MCMCs elapsed time (min), task 6: 8.94916828076045"
[1] "Current theta MCMCs elapsed time (min), task 3: 9.13063003619512"
[1] "Current theta MCMCs elapsed time (min), task 7: 9.25536074638367"
[1] "Current theta MCMCs elapsed time (min), task 4: 9.16787671248118"

1] "Simulation elapsed time (min), task 2: 49.4726244250933"
[1] "Current theta MCMCs elapsed time (min), task 5: 9.759803378582"
[1] "Current theta MCMCs elapsed time (min), task 6: 8.84243432680766"
[1] "Current theta MCMCs elapsed time (min), task 12: 13.5534544189771"
[1] "Current theta MCMCs elapsed time (min), task 3: 9.38379785617193"
[1] "Simulation elapsed time (min), task 3: 53.8371036609014"
[1] "Current theta MCMCs elapsed time (min), task 11: 14.0297770380974"
[1] "Current theta MCMCs elapsed time (min), task 1: 9.27726943492889"
[1] "Simulation elapsed time (min), task 1: 56.2235988815626"
[1] "Current theta MCMCs elapsed time (min), task 7: 9.67391500473022"
[1] "Current theta MCMCs elapsed time (min), task 9: 8.3589293440183"
[1] "Simulation elapsed time (min), task 9: 50.1380563259125"
[1] "Current theta MCMCs elapsed time (min), task 10: 8.47116679747899"
[1] "Simulation elapsed time (min), task 10: 49.2779609799385"
[1] "Current theta MCMCs elapsed time (min), task 8: 8.66709759632746"
[1] "Simulation elapsed time (min), task 8: 51.7447844386101"
[1] "Current theta MCMCs elapsed time (min), task 4: 9.71208791732788"
[1] "Simulation elapsed time (min), task 4: 57.311616508166"
[1] "Current theta MCMCs elapsed time (min), task 5: 9.45582996209462"
[1] "Simulation elapsed time (min), task 5: 57.1795672814051"
[1] "Current theta MCMCs elapsed time (min), task 6: 10.1902341087659"
[1] "Simulation elapsed time (min), task 6: 57.1120874961217"
[1] "Current theta MCMCs elapsed time (min), task 7: 10.5426019271215"
[1] "Simulation elapsed time (min), task 7: 61.0842983603477"
[1] "Current theta MCMCs elapsed time (min), task 11: 12.0053987264633"
