[1] "Job id: 21080995"
[1] "Task id: 12"
[1] "Current theta MCMCs elapsed time (min), task 7: 0.145841990113258"
[1] "Current theta MCMCs elapsed time (min), task 8: 0.128065357274479"

[1] "Current theta MCMCs elapsed time (min), task 1: 0.133109545906385"[1] "Current theta MCMCs elapsed time (min), task 5: 0.207158629761802"
[1] "Current theta MCMCs elapsed time (min), task 9: 0.122389711472723"
[1] "Current theta MCMCs elapsed time (min), task 12: 0.129244893458154"
1] "Current theta MCMCs elapsed time (min), task 3: 0.185765393310123"
[1] "Current theta MCMCs elapsed time (min), task 11: 0.164669009844462"
[1] "Current theta MCMCs elapsed time (min), task 8: 0.120493249164687"

[1] "Current theta MCMCs elapsed time (min), task 1: 0.115375198523204"
[1] "Current theta MCMCs elapsed time (min), task 9: 0.120122866498099"
[1] "Current theta MCMCs elapsed time (min), task 5: 0.141647448804643"
[1] "Current theta MCMCs elapsed time (min), task 4: 0.140160541733106"

[1] "Current theta MCMCs elapsed time (min), task 8: 0.117773447699017"
[1] "Current theta MCMCs elapsed time (min), task 10: 0.124518457916048"
[1] "Current theta MCMCs elapsed time (min), task 1: 0.118926787045267"
[1] "Current theta MCMCs elapsed time (min), task 11: 0.174042809738053"
[1] "Current theta MCMCs elapsed time (min), task 2: 0.155859158701367"
[1] "Current theta MCMCs elapsed time (min), task 9: 0.12297556327449"
[1] "Current theta MCMCs elapsed time (min), task 5: 0.140584861305025"
[1] "Current theta MCMCs elapsed time (min), task 12: 0.124885687960519"
[1] "Current theta MCMCs elapsed time (min), task 10: 0.122869504491488"
[1] "Current theta MCMCs elapsed time (min), task 6: 0.119942940009965"
[1] "Simulation elapsed time (min), task 1: 0.985841713945071"
[1] "Current theta MCMCs elapsed time (min), task 7: 0.151397407650948"
[1] "Current theta MCMCs elapsed time (min), task 2: 0.149368212885327"
[1] "Current theta MCMCs elapsed time (min), task 11: 0.165908431344562"
[1] "Current theta MCMCs elapsed time (min), task 5: 0.139860933555497"
[1] "Current theta MCMCs elapsed time (min), task 12: 0.143641081982189"
[1] "Current theta MCMCs elapsed time (min), task 6: 0.126009134716458"

[1] "Current theta MCMCs elapsed time (min), task 9: 0.121532416343689"
[1] "Current theta MCMCs elapsed time (min), task 7: 0.140554816855325"
[1] "Current theta MCMCs elapsed time (min), task 2: 0.144886737863223"
[1] "Current theta MCMCs elapsed time (min), task 11: 0.148231685360273"
[1] "Current theta MCMCs elapsed time (min), task 8: 0.122166830235057"
[1] "Current theta MCMCs elapsed time (min), task 12: 0.138137533532249"
[1] "Current theta MCMCs elapsed time (min), task 4: 0.125745495955149"
[1] "Simulation elapsed time (min), task 4: 0.0177379784539894"
[1] "Current theta MCMCs elapsed time (min), task 6: 0.123631921609243"
[1] "Simulation elapsed time (min), task 6: 0.966216411656804"
[1] "Current theta MCMCs elapsed time (min), task 3: 0.175992863972982"
[1] "Current theta MCMCs elapsed time (min), task 9: 0.121303330924776"
[1] "Current theta MCMCs elapsed time (min), task 7: 0.149457984632916"
[1] "Current theta MCMCs elapsed time (min), task 2: 0.152423761685689"
[1] "Simulation elapsed time (min), task 2: 0.0211869478413352"
[1] "Current theta MCMCs elapsed time (min), task 8: 0.128813366823726"
[1] "Simulation elapsed time (min), task 8: 0.979800602396329"
[1] "Current theta MCMCs elapsed time (min), task 10: 0.121974718239572"
[1] "Current theta MCMCs elapsed time (min), task 11: 0.161783109373517"
[1] "Current theta MCMCs elapsed time (min), task 12: 0.147857538196776"
[1] "Current theta MCMCs elapsed time (min), task 9: 0.124023200604651"
[1] "Simulation elapsed time (min), task 9: 0.975933146410518"
[1] "Current theta MCMCs elapsed time (min), task 3: 0.157682489752769"
[1] "Current theta MCMCs elapsed time (min), task 5: 0.21683847381009"
[1] "Current theta MCMCs elapsed time (min), task 7: 0.148428603874313"
[1] "Simulation elapsed time (min), task 7: 0.0194043832255734"
[1] "Current theta MCMCs elapsed time (min), task 10: 0.127469315860007"
[1] "Simulation elapsed time (min), task 10: 0.976897239420149"
[1] "Current theta MCMCs elapsed time (min), task 12: 0.14670702735583"

[1] "Current theta MCMCs elapsed time (min), task 3: 0.160496406555176"
[1] "Simulation elapsed time (min), task 3: 0.023804934600989"
[1] "Current theta MCMCs elapsed time (min), task 5: 0.148599288927184"
[1] "Simulation elapsed time (min), task 5: 0.0223113706211249"
[1] "Current theta MCMCs elapsed time (min), task 12: 0.134063247376018"
[1] "Simulation elapsed time (min), task 12: 0.0182339260302208"
[1] "Current theta MCMCs elapsed time (min), task 11: 0.150281710558467"
[1] "Current theta MCMCs elapsed time (min), task 11: 0.151059598790275"
[1] "Simulation elapsed time (min), task 11: 0.0212721830109755"
