[1] "Current theta MCMCs elapsed time (min), task 3: 5.88870203097661"
ed time (min), task 8: 5.36973474423091"
[1] "Current theta MCMCs elapsed time (min), task 4: 5.05987060467402"
[1] "Current theta MCMCs elapsed time (min), task 9: 7.07324250539144"
[1] "Current theta MCMCs elapsed time (min), task 10: 5.55064209699631"
[1] "Current theta MCMCs elapsed time (min), task 5: 7.23024257818858"
[1] "Current theta MCMCs elapsed time (min), task 12: 4.32821290095647"
[1] "Current theta MCMCs elapsed time (min), task 11: 5.93833334445953"
[1] "Current theta MCMCs elapsed time (min), task 4: 4.75501463015874"
[1] "Current theta MCMCs elapsed time (min), task 3: 6.16749465068181"
[1] "Current theta MCMCs elapsed time (min), task 6: 5.21287883520126"
[1] "Current theta MCMCs elapsed time (min), task 5: 5.01070829629898"
[1] "Current theta MCMCs elapsed time (min), task 2: 7.05793463786443"

[1] "Current theta MCMCs elapsed time (min), task 4: 4.08822022279104"
[1] "Current theta MCMCs elapsed time (min), task 9: 8.1164510011673"
"
[1] "Current theta MCMCs elapsed time (min), task 8: 6.8539830048879"

[1] "Current theta MCMCs elapsed time (min), task 12: 4.67084586620331"
[1] "Current theta MCMCs elapsed time (min), task 1: 8.5589436729749"
[1] "Current theta MCMCs elapsed time (min), task 10: 6.51557572285334"
1] "Simulation elapsed time (min), task 2: 34.9247599959374"
[1] "Current theta MCMCs elapsed time (min), task 11: 5.7543976187706"
[1] "Current theta MCMCs elapsed time (min), task 7: 10.8144440015157"
[1] "Current theta MCMCs elapsed time (min), task 6: 4.42540709177653"
[1] "Current theta MCMCs elapsed time (min), task 12: 4.705002784729"

[1] "Current theta MCMCs elapsed time (min), task 5: 5.98483518362045"
[1] "Simulation elapsed time (min), task 4: 35.1132100264231"
[1] "Current theta MCMCs elapsed time (min), task 8: 6.1204789797465"
[1] "Current theta MCMCs elapsed time (min), task 6: 3.6679385582606"
[1] "Simulation elapsed time (min), task 6: 34.4042677283287"
[1] "Current theta MCMCs elapsed time (min), task 11: 5.54383903344472"
[1] "Current theta MCMCs elapsed time (min), task 1: 8.25281998316447"

[1] "Current theta MCMCs elapsed time (min), task 5: 5.79734951257706"
[1] "Simulation elapsed time (min), task 5: 40.0383295257886"
[1] "Current theta MCMCs elapsed time (min), task 3: 6.23151725927989"
[1] "Simulation elapsed time (min), task 3: 41.890526330471"
[1] "Current theta MCMCs elapsed time (min), task 8: 5.84075567722321"
[1] "Current theta MCMCs elapsed time (min), task 9: 7.64487680196762"
[1] "Current theta MCMCs elapsed time (min), task 12: 4.62683007717133"[1] "Current theta MCMCs elapsed time (min), task 10: 5.95973603328069"
[1] "Current theta MCMCs elapsed time (min), task 1: 8.28079730669657"
[1] "Current theta MCMCs elapsed time (min), task 12: 4.93021159966787"
[1] "Simulation elapsed time (min), task 12: 32.2657414118449"
[1] "Current theta MCMCs elapsed time (min), task 8: 7.39327077865601"
[1] "Current theta MCMCs elapsed time (min), task 11: 5.67342262268066"
[1] "Current theta MCMCs elapsed time (min), task 10: 6.24646575450897"
[1] "Current theta MCMCs elapsed time (min), task 9: 9.41626059214274"
[1] "Current theta MCMCs elapsed time (min), task 7: 10.1208678483963"
[1] "Current theta MCMCs elapsed time (min), task 11: 5.5672105272611"
[1] "Simulation elapsed time (min), task 11: 39.8579693039258"
[1] "Current theta MCMCs elapsed time (min), task 10: 5.745882999897"
[1] "Simulation elapsed time (min), task 10: 42.7558275898298"
[1] "Current theta MCMCs elapsed time (min), task 8: 7.34056196212769"
[1] "Simulation elapsed time (min), task 8: 45.3154159228007"
[1] "Current theta MCMCs elapsed time (min), task 1: 8.44031156698863"
[1] "Simulation elapsed time (min), task 1: 62.3673886020978"
[1] "Current theta MCMCs elapsed time (min), task 9: 8.58593796888987"
[1] "Current theta MCMCs elapsed time (min), task 7: 8.48071370919545"
[1] "Current theta MCMCs elapsed time (min), task 9: 7.13324322303136"
[1] "Simulation elapsed time (min), task 9: 55.8011366089185"
[1] "Current theta MCMCs elapsed time (min), task 7: 7.89955494801203"
[1] "Simulation elapsed time (min), task 7: 66.8033811410268"
