[1] "Job id: 21054848"
[1] "Task id: 4"

1] "Job id: 21054851"
[1] "Task id: 7"

[1] "Current theta MCMCs elapsed time (min), task 8: 0.116567606329918"

[1] "Current theta MCMCs elapsed time (min), task 1: 0.120522661672698"
[1] "Current theta MCMCs elapsed time (min), task 12: 0.125722621414396"
[1] "Current theta MCMCs elapsed time (min), task 2: 0.144847786956363"[1] "Current theta MCMCs elapsed time (min), task 6: 0.148866586883863"
[1] "Current theta MCMCs elapsed time (min), task 3: 0.171836353474193"
[1] "Current theta MCMCs elapsed time (min), task 11: 0.178959995177057"
[1] "Current theta MCMCs elapsed time (min), task 7: 0.205302110645506"
[1] "Current theta MCMCs elapsed time (min), task 10: 0.108068144453896"
[1] "Current theta MCMCs elapsed time (min), task 9: 0.11292248249054"
[1] "Current theta MCMCs elapsed time (min), task 8: 0.122375044292874"
[1] "Current theta MCMCs elapsed time (min), task 12: 0.125680062174797"
[1] "Current theta MCMCs elapsed time (min), task 4: 0.135029816031456"
[1] "Current theta MCMCs elapsed time (min), task 5: 0.168261809878879"
[1] "Current theta MCMCs elapsed time (min), task 2: 0.160559849672847"
[1] "Current theta MCMCs elapsed time (min), task 3: 0.169555926124255"

[1] "Current theta MCMCs elapsed time (min), task 11: 0.162637710902426"[1] "Current theta MCMCs elapsed time (min), task 1: 0.11618038892746"
[1] "Current theta MCMCs elapsed time (min), task 8: 0.120881867011388"
[1] "Current theta MCMCs elapsed time (min), task 4: 0.120648832983441"
[1] "Current theta MCMCs elapsed time (min), task 5: 0.120706892543369"

[1] "Current theta MCMCs elapsed time (min), task 7: 0.213241239719921"
[1] "Current theta MCMCs elapsed time (min), task 10: 0.107864273720317"
[1] "Current theta MCMCs elapsed time (min), task 9: 0.114217626916038"
[1] "Current theta MCMCs elapsed time (min), task 8: 0.115318512651655"
[1] "Current theta MCMCs elapsed time (min), task 6: 0.171461911201477"

[1] "Current theta MCMCs elapsed time (min), task 4: 0.123451056149271"
[1] "Current theta MCMCs elapsed time (min), task 5: 0.122440643972821"

[1] "Current theta MCMCs elapsed time (min), task 10: 0.106721510556009"
[1] "Current theta MCMCs elapsed time (min), task 9: 0.123161896467209"
[1] "Current theta MCMCs elapsed time (min), task 8: 0.11672540863355"
[1] "Current theta MCMCs elapsed time (min), task 2: 0.157090312904782"
[1] "Current theta MCMCs elapsed time (min), task 4: 0.122234683367941"
[1] "Current theta MCMCs elapsed time (min), task 5: 0.119643981258074"

[1] "Current theta MCMCs elapsed time (min), task 11: 0.157818084955215"
[1] "Current theta MCMCs elapsed time (min), task 6: 0.190811374518606"
[1] "Current theta MCMCs elapsed time (min), task 1: 0.112388777732849"
[1] "Current theta MCMCs elapsed time (min), task 8: 0.116549092266295"
[1] "Current theta MCMCs elapsed time (min), task 12: 0.116967692044046[1] "Current theta MCMCs elapsed time (min), task 5: 0.124032704167896"

[1] "Current theta MCMCs elapsed time (min), task 11: 0.152887584633297"[1] "Current theta MCMCs elapsed time (min), task 8: 0.115197250644366"
[1] "Current theta MCMCs elapsed time (min), task 6: 0.140144673983256"
[1] "Current theta MCMCs elapsed time (min), task 9: 0.15067540731695"
[1] "Current theta MCMCs elapsed time (min), task 7: 0.228772119548586"

[1] "Current theta MCMCs elapsed time (min), task 4: 0.130732057094574"
[1] "Current theta MCMCs elapsed time (min), task 5: 0.141766842736138"
[1] "Current theta MCMCs elapsed time (min), task 2: 0.164934424559275"
[1] "Current theta MCMCs elapsed time (min), task 8: 0.115286299453841"
[1] "Current theta MCMCs elapsed time (min), task 9: 0.115148737827937"
[1] "Current theta MCMCs elapsed time (min), task 11: 0.146254594458474"
[1] "Current theta MCMCs elapsed time (min), task 6: 0.140875627530946"
[1] "Current theta MCMCs elapsed time (min), task 10: 0.106001199483871"
[1] "Current theta MCMCs elapsed time (min), task 12: 0.118091792596711"
[1] "Current theta MCMCs elapsed time (min), task 8: 0.115346341199345"
[1] "Current theta MCMCs elapsed time (min), task 3: 0.184843223624759"
[1] "Current theta MCMCs elapsed time (min), task 2: 0.157267354991701"
[1] "Current theta MCMCs elapsed time (min), task 6: 0.124063845806652"
[1] "Current theta MCMCs elapsed time (min), task 7: 0.219822587834464"
[1] "Current theta MCMCs elapsed time (min), task 11: 0.155304187470012"
[1] "Current theta MCMCs elapsed time (min), task 1: 0.181496235993173"
[1] "Current theta MCMCs elapsed time (min), task 9: 0.124161876572503"
[1] "Current theta MCMCs elapsed time (min), task 10: 0.101616122590171"[1] "Current theta MCMCs elapsed time (min), task 6: 0.121079677210914"
[1] "Current theta MCMCs elapsed time (min), task 12: 0.118708948426776"
[1] "Current theta MCMCs elapsed time (min), task 5: 0.166005106833246"
[1] "Current theta MCMCs elapsed time (min), task 3: 0.187318395442433"
[1] "Current theta MCMCs elapsed time (min), task 2: 0.177836941281954"

[1] "Current theta MCMCs elapsed time (min), task 8: 0.114714919726054"
[1] "Current theta MCMCs elapsed time (min), task 9: 0.109282408356667"
[1] "Current theta MCMCs elapsed time (min), task 10: 0.101623536944389"
[1] "Current theta MCMCs elapsed time (min), task 7: 0.226973085270988"
[1] "Current theta MCMCs elapsed time (min), task 1: 0.167664035558701"
[1] "Current theta MCMCs elapsed time (min), task 12: 0.117278699609968"
[1] "Current theta MCMCs elapsed time (min), task 4: 0.158103494048119"
[1] "Current theta MCMCs elapsed time (min), task 8: 0.115629711349805"
[1] "Current theta MCMCs elapsed time (min), task 9: 0.111020585298538"

[1] "Current theta MCMCs elapsed time (min), task 2: 0.157156232727898"

[1] "Current theta MCMCs elapsed time (min), task 3: 0.188667336768574"
[1] "Current theta MCMCs elapsed time (min), task 12: 0.115100051495764"
[1] "Current theta MCMCs elapsed time (min), task 6: 0.135066954758432"
[1] "Current theta MCMCs elapsed time (min), task 8: 0.114922326604525"
[1] "Current theta MCMCs elapsed time (min), task 4: 0.155464881724781"
[1] "Current theta MCMCs elapsed time (min), task 9: 0.117174310882886"
[1] "Current theta MCMCs elapsed time (min), task 10: 0.110704289476077"
[1] "Current theta MCMCs elapsed time (min), task 2: 0.129132681356536"
[1] "Current theta MCMCs elapsed time (min), task 5: 0.164728330638674"

[1] "Current theta MCMCs elapsed time (min), task 12: 0.11497878101137"
[1] "Current theta MCMCs elapsed time (min), task 6: 0.120275466707018"
[1] "Current theta MCMCs elapsed time (min), task 8: 0.112379898428917"
[1] "Current theta MCMCs elapsed time (min), task 10: 0.102082005805439"
[1] "Simulation elapsed time (min), task 10: 0.0273027285436789"
[1] "Current theta MCMCs elapsed time (min), task 9: 0.114753277566698"
[1] "Current theta MCMCs elapsed time (min), task 1: 0.166269464890162"
[1] "Current theta MCMCs elapsed time (min), task 12: 0.112802537812127"
[1] "Current theta MCMCs elapsed time (min), task 11: 0.140234579973751"
[1] "Current theta MCMCs elapsed time (min), task 8: 0.112531867888239"
[1] "Simulation elapsed time (min), task 8: 0.0289921893532629"
[1] "Current theta MCMCs elapsed time (min), task 5: 0.164594383438428"
[1] "Current theta MCMCs elapsed time (min), task 9: 0.10561898291111"
[1] "Simulation elapsed time (min), task 9: 0.0293088915193522"
[1] "Current theta MCMCs elapsed time (min), task 7: 0.235919835501247"
[1] "Current theta MCMCs elapsed time (min), task 12: 0.114519881871012"
[1] "Simulation elapsed time (min), task 12: 0.0302372595844445"
[1] "Current theta MCMCs elapsed time (min), task 4: 0.156851933730973"
[1] "Current theta MCMCs elapsed time (min), task 1: 0.167244881590207"
[1] "Current theta MCMCs elapsed time (min), task 11: 0.16541489455435"
[1] "Current theta MCMCs elapsed time (min), task 5: 0.162570904162195"
[1] "Current theta MCMCs elapsed time (min), task 3: 0.180626946091652"
[1] "Current theta MCMCs elapsed time (min), task 6: 0.119116463528739"
[1] "Current theta MCMCs elapsed time (min), task 4: 0.158177966872851"
